09-24 09:15 queens.utils.ascii_art INFO                                                                                       
09-24 09:15 queens.utils.ascii_art INFO                                             *                                         
09-24 09:15 queens.utils.ascii_art INFO                                           * | *                                       
09-24 09:15 queens.utils.ascii_art INFO                                          * \|/ *                                      
09-24 09:15 queens.utils.ascii_art INFO                                     * * * \|O|/ * * *                                 
09-24 09:15 queens.utils.ascii_art INFO                                      \o\o\o|O|o/o/o/                                  
09-24 09:15 queens.utils.ascii_art INFO                                      (<><><>O<><><>)                                  
09-24 09:15 queens.utils.ascii_art INFO                                       '==========='                                   
09-24 09:15 queens.utils.ascii_art INFO                                                                                       
09-24 09:15 queens.utils.ascii_art INFO               :'#######::'##::::'##:'########:'########:'##::: ##::'######::         
09-24 09:15 queens.utils.ascii_art INFO               '##.... ##: ##:::: ##: ##.....:: ##.....:: ###:: ##:'##... ##:         
09-24 09:15 queens.utils.ascii_art INFO                ##:::: ##: ##:::: ##: ##::::::: ##::::::: ####: ##: ##:::..::         
09-24 09:15 queens.utils.ascii_art INFO                ##:::: ##: ##:::: ##: ######::: ######::: ## ## ##:. ######::         
09-24 09:15 queens.utils.ascii_art INFO                ##:'## ##: ##:::: ##: ##...:::: ##...:::: ##. ####::..... ##:         
09-24 09:15 queens.utils.ascii_art INFO                ##:.. ##:: ##:::: ##: ##::::::: ##::::::: ##:. ###:'##::: ##:         
09-24 09:15 queens.utils.ascii_art INFO               : ##### ##:. #######:: ########: ########: ##::. ##:. ######::         
09-24 09:15 queens.utils.ascii_art INFO               :.....:..:::.......:::........::........::..::::..:::......:::         
09-24 09:15 queens.utils.ascii_art INFO                                                                                      
09-24 09:15 queens.utils.ascii_art INFO                                                                                      
09-24 09:15 queens.utils.ascii_art INFO                A general purpose framework for Uncertainty Quantification,           
09-24 09:15 queens.utils.ascii_art INFO                 Physics-Informed Machine Learning, Bayesian Optimization,            
09-24 09:15 queens.utils.ascii_art INFO                         Inverse Problems and Simulation Analytics                    
09-24 09:15 queens.utils.ascii_art INFO                                                                                      
09-24 09:15 queens.distributions.normal INFO     
09-24 09:15 queens.distributions.normal INFO     +-------------------------------------------------------------------------------+
09-24 09:15 queens.distributions.normal INFO     |                                    Normal                                     |
09-24 09:15 queens.distributions.normal INFO     |- - - - - - - - - - - - - - - - - - - - - - - - - - - - - - - - - - - - - - - -|
09-24 09:15 queens.distributions.normal INFO     | self : <queens.distributions.normal.Normal object at 0x71b795ec6750>          |
09-24 09:15 queens.distributions.normal INFO     | mean : 22                                                                     |
09-24 09:15 queens.distributions.normal INFO     | std  : 2                                                                      |
09-24 09:15 queens.distributions.normal INFO     +-------------------------------------------------------------------------------+
09-24 09:15 queens.distributions.normal INFO     
